# 	name of reference image
--ref=utils/Mean3G.nii.gz
# 	name of input image
--in=/home/lpzatr/data/nki/derivatives/sub-A00013809/ses-DS2/dwi/dti_FA.nii.gz
# 	name of file containing affine transform
--aff=/home/lpzatr/data/nki/derivatives/sub-A00013809/ses-DS2/dwi/reg3G/FA_lin2Mean3G.mat
# 	name of output file with field coefficients
--cout=/home/lpzatr/data/nki/derivatives/sub-A00013809/ses-DS2/dwi/reg3G/FA_warp2Mean3G.nii.gz
# 	name of output image
--iout=/home/lpzatr/data/nki/derivatives/sub-A00013809/ses-DS2/dwi/reg3G/FA_nlin2Mean3G.nii.gz
# name of file with mask in reference space
--refmask=utils/Mask.nii.gz
# If =1, use implicit masking based on value in --ref image. Default =1
--imprefm=1
# If =1, use implicit masking based on value in --in image, Default =1
--impinm=1
# Value to mask out in --ref image. Default =0.0
--imprefval=0
# Value to mask out in --in image. Default =0.0
--impinval=0
# sub-sampling scheme, default 4,2,1,1
--subsamp=8,4,4,2,2,1
# 	Max # of non-linear iterations, default 5,5,5,5
--miter=20,20,20,20,20,20
# FWHM (in mm) of gaussian smoothing kernel for input volume, default 6,4,2,2
--infwhm=12,6,4,4,2,2
# FWHM (in mm) of gaussian smoothing kernel for ref volume, default 4,2,0,0
--reffwhm=8,4,2,2,0,0
# Weight of regularisation, default depending on --ssqlambda and --regmod switches. See user documentation.
--lambda=300,200,100,75,50,30
# Estimate intensity-mapping if set, default 1 (true)
--estint=1,1,1,1,1,0
# (approximate) resolution (in mm) of warp basis in x-, y- and z-direction, default 10,10,10
--warpres=4,4,4
# Order of spline, 2->Quadratic spline, 3->Cubic spline. Default=3
--splineorder=3
# If set (=1), lambda is weighted by current ssq, default 1
--ssqlambda=1
# Allowed range of Jacobian determinants, default 0.01,100.0
--jacrange=0.01,100
# Model for regularisation of warp-field [membrane_energy bending_energy], default bending_energy
--regmod=bending_energy
# Model for intensity-mapping [none global_linear global_non_linear local_linear global_non_linear_with_bias local_non_linear]
--intmod=global_linear
# Order of polynomial for mapping intensities, default 5
--intorder=5
# Resolution (in mm) of bias-field modelling local intensities, default 50,50,50
--biasres=50,50,50
# Weight of regularisation for bias-field, default 10000
--biaslambda=10000
# Precision for representing Hessian, double or float. Default double
--numprec=double
# Image interpolation model, linear or spline. Default linear
--interp=linear
# If =1, ref image is used to calculate derivatives. Default =0
--refderiv=0
